13:56:21.089 [main] INFO  org.testng.internal.Utils - [TestNG] Running:
  C:\Users\Harshavardhana T D\eclipse-workspace\AutomationFramework__eBay\master.xml

13:56:45.348 [main] INFO  testCases.TC_0001_AccountRegistration - **** Started TC001******
13:56:49.435 [main] INFO  testCases.TC_0001_AccountRegistration - **** Home page displayed******
13:56:53.441 [main] INFO  testCases.TC_0001_AccountRegistration - **** Account page displayed******
13:57:27.908 [main] INFO  testCases.TC_0001_AccountRegistration - **** Ended TC001******
13:57:47.668 [main] INFO  testCases.TC_002LoginTest - *******Starting TC002 Login Test*******
13:57:55.124 [main] INFO  testCases.TC_002LoginTest -  Finished TC002 Login Test  
15:33:09.564 [main] DEBUG org.testng.TestNG - suiteXmlPath: "C:\Users\Harshavardhana T D\eclipse-workspace\AutomationFramework__eBay\master.xml"
15:33:09.966 [main] INFO  org.testng.internal.Utils - [TestNG] Running:
  C:\Users\Harshavardhana T D\eclipse-workspace\AutomationFramework__eBay\master.xml

15:33:57.892 [main] INFO  testCases.TC_0001_AccountRegistration - **** Started TC001******
15:34:02.697 [main] INFO  testCases.TC_0001_AccountRegistration - **** Home page displayed******
15:34:06.712 [main] INFO  testCases.TC_0001_AccountRegistration - **** Account page displayed******
15:34:41.569 [main] INFO  testCases.TC_0001_AccountRegistration - **** Ended TC001******
15:35:14.140 [main] INFO  testCases.TC_002LoginTest - *******Starting TC002 Login Test*******
15:35:24.634 [main] INFO  testCases.TC_002LoginTest -  Finished TC002 Login Test  
15:37:46.222 [main] DEBUG org.testng.TestNG - suiteXmlPath: "C:\Users\Harshavardhana T D\eclipse-workspace\AutomationFramework__eBay\master.xml"
15:37:46.641 [main] INFO  org.testng.internal.Utils - [TestNG] Running:
  C:\Users\Harshavardhana T D\eclipse-workspace\AutomationFramework__eBay\master.xml

15:38:10.139 [main] INFO  testCases.TC_0001_AccountRegistration - **** Started TC001******
15:38:12.711 [main] INFO  testCases.TC_0001_AccountRegistration - **** Home page displayed******
15:38:16.727 [main] INFO  testCases.TC_0001_AccountRegistration - **** Account page displayed******
15:38:51.190 [main] INFO  testCases.TC_0001_AccountRegistration - **** Ended TC001******
15:39:09.793 [main] INFO  testCases.TC_002LoginTest - *******Starting TC002 Login Test*******
15:39:17.081 [main] INFO  testCases.TC_002LoginTest -  Finished TC002 Login Test  
17:35:39.733 [main] DEBUG org.testng.TestNG - suiteXmlPath: "C:\Users\Harshavardhana T D\eclipse-workspace\AutomationFramework__eBay\grid-docker.xml"
17:35:40.276 [main] INFO  org.testng.internal.Utils - [TestNG] Running:
  C:\Users\Harshavardhana T D\eclipse-workspace\AutomationFramework__eBay\grid-docker.xml

17:35:50.410 [main] INFO  testCases.TC_0001_AccountRegistration - **** Started TC001******
17:36:00.484 [main] INFO  testCases.TC_002LoginTest - *******Starting TC002 Login Test*******
17:36:59.517 [main] DEBUG org.testng.TestNG - suiteXmlPath: "C:\Users\Harshavardhana T D\eclipse-workspace\AutomationFramework__eBay\grid-docker.xml"
17:36:59.925 [main] INFO  org.testng.internal.Utils - [TestNG] Running:
  C:\Users\Harshavardhana T D\eclipse-workspace\AutomationFramework__eBay\grid-docker.xml

17:37:24.250 [main] DEBUG org.testng.TestNG - suiteXmlPath: "C:\Users\Harshavardhana T D\eclipse-workspace\AutomationFramework__eBay\grid-docker.xml"
17:37:24.649 [main] INFO  org.testng.internal.Utils - [TestNG] Running:
  C:\Users\Harshavardhana T D\eclipse-workspace\AutomationFramework__eBay\grid-docker.xml

17:38:11.616 [main] DEBUG org.testng.TestNG - suiteXmlPath: "C:\Users\Harshavardhana T D\eclipse-workspace\AutomationFramework__eBay\grid-docker.xml"
17:38:12.067 [main] INFO  org.testng.internal.Utils - [TestNG] Running:
  C:\Users\Harshavardhana T D\eclipse-workspace\AutomationFramework__eBay\grid-docker.xml

17:38:35.070 [main] DEBUG org.testng.TestNG - suiteXmlPath: "C:\Users\Harshavardhana T D\eclipse-workspace\AutomationFramework__eBay\grouping.xml"
17:38:35.493 [main] INFO  org.testng.internal.Utils - [TestNG] Running:
  C:\Users\Harshavardhana T D\eclipse-workspace\AutomationFramework__eBay\grouping.xml

17:39:15.495 [main] DEBUG org.testng.TestNG - suiteXmlPath: "C:\Users\Harshavardhana T D\eclipse-workspace\AutomationFramework__eBay\grouping.xml"
17:39:15.901 [main] INFO  org.testng.internal.Utils - [TestNG] Running:
  C:\Users\Harshavardhana T D\eclipse-workspace\AutomationFramework__eBay\grouping.xml

17:39:48.254 [main] DEBUG org.testng.TestNG - suiteXmlPath: "C:\Users\Harshavardhana T D\eclipse-workspace\AutomationFramework__eBay\grouping.xml"
17:39:48.664 [main] INFO  org.testng.internal.Utils - [TestNG] Running:
  C:\Users\Harshavardhana T D\eclipse-workspace\AutomationFramework__eBay\grouping.xml

17:58:00.406 [main] DEBUG org.testng.TestNG - suiteXmlPath: "C:\Users\Harshavardhana T D\eclipse-workspace\AutomationFramework__eBay\grid-docker.xml"
17:58:00.922 [main] INFO  org.testng.internal.Utils - [TestNG] Running:
  C:\Users\Harshavardhana T D\eclipse-workspace\AutomationFramework__eBay\grid-docker.xml

